app/build/intermediates/manifest_merge_blame_file/debug/manifest-merger-blame-debug-report.txt
1<?xml version="1.0" encoding="utf-8"?>
2<manifest xmlns:android="http://schemas.android.com/apk/res/android"
3    package="com.example.guessanumber_2"
4    android:versionCode="1"
5    android:versionName="1.0" >
6
7    <uses-sdk
8        android:minSdkVersion="22"
8-->src\main\AndroidManifest.xml
9        android:targetSdkVersion="30" />
9-->src\main\AndroidManifest.xml
10
11    <application
11-->src\main\AndroidManifest.xml:6:5-32:19
12        android:allowBackup="true"
12-->src\main\AndroidManifest.xml:7:9-35
13        android:appComponentFactory="androidx.core.app.CoreComponentFactory"
13-->[androidx.core:core:1.3.2] AndroidManifest.xml:24:18-86
14        android:debuggable="true"
15        android:icon="@mipmap/ic_launcher"
15-->src\main\AndroidManifest.xml:8:9-43
16        android:label="@string/app_name"
16-->src\main\AndroidManifest.xml:9:9-41
17        android:roundIcon="@mipmap/ic_launcher_round"
17-->src\main\AndroidManifest.xml:10:9-54
18        android:supportsRtl="true"
18-->src\main\AndroidManifest.xml:11:9-35
19        android:testOnly="true"
20        android:theme="@style/Theme.GuessANumber_2" >
20-->src\main\AndroidManifest.xml:12:9-52
21        <activity android:name="com.MEM.guessthenumber.MainActivity" >
21-->src\main\AndroidManifest.xml:14:9-20:20
21-->src\main\AndroidManifest.xml:14:19-69
22            <intent-filter>
22-->src\main\AndroidManifest.xml:15:13-19:29
23                <action android:name="android.intent.action.MAIN" />
23-->src\main\AndroidManifest.xml:16:17-69
23-->src\main\AndroidManifest.xml:16:25-66
24
25                <category android:name="android.intent.category.LAUNCHER" />
25-->src\main\AndroidManifest.xml:18:17-77
25-->src\main\AndroidManifest.xml:18:27-74
26            </intent-filter>
27        </activity>
28        <activity
28-->src\main\AndroidManifest.xml:21:9-23:81
29            android:name="com.MEM.guessthenumber.FourthActivity"
29-->src\main\AndroidManifest.xml:22:13-65
30            android:parentActivityName="com.MEM.guessthenumber.ThirdActivity" />
30-->src\main\AndroidManifest.xml:23:13-78
31        <activity
31-->src\main\AndroidManifest.xml:24:9-26:82
32            android:name="com.MEM.guessthenumber.ThirdActivity"
32-->src\main\AndroidManifest.xml:25:13-64
33            android:parentActivityName="com.MEM.guessthenumber.SecondActivity" />
33-->src\main\AndroidManifest.xml:26:13-79
34        <activity android:name="com.MEM.guessthenumber.SecondActivity" />
34-->src\main\AndroidManifest.xml:27:9-74
34-->src\main\AndroidManifest.xml:27:19-71
35
36        <meta-data
36-->src\main\AndroidManifest.xml:29:9-31:57
37            android:name="preloaded_fonts"
37-->src\main\AndroidManifest.xml:30:13-43
38            android:resource="@array/preloaded_fonts" />
38-->src\main\AndroidManifest.xml:31:13-54
39    </application>
40
41</manifest>